🚀 Starting product embedding re-indexing with E5 normalization...

prisma:error 
Invalid `prisma.product.findMany()` invocation in
/home/mistakely/Desktop/project/dai/buyer/scripts/reindex-embeddings.ts:23:43

  20 console.log("🚀 Starting product embedding re-indexing with E5 normalization...\n");
  21 
  22 // Fetch all products (or filter by those needing re-indexing)
→ 23 const products = await prisma.product.findMany(

💥 Script failed: PrismaClientKnownRequestError: 
Invalid `prisma.product.findMany()` invocation in
/home/mistakely/Desktop/project/dai/buyer/scripts/reindex-embeddings.ts:23:43

  20 console.log("🚀 Starting product embedding re-indexing with E5 normalization...\n");
  21 
  22 // Fetch all products (or filter by those needing re-indexing)
→ 23 const products = await prisma.product.findMany(

    at qr.handleRequestError (/home/mistakely/Desktop/project/dai/buyer/app/generated/prisma/runtime/client.js:69:8172)
    at qr.handleAndLogRequestError (/home/mistakely/Desktop/project/dai/buyer/app/generated/prisma/runtime/client.js:69:7467)
    at qr.request (/home/mistakely/Desktop/project/dai/buyer/app/generated/prisma/runtime/client.js:69:7174)
    at process.processTicksAndRejections (node:internal/process/task_queues:103:5)
    at async a (/home/mistakely/Desktop/project/dai/buyer/app/generated/prisma/runtime/client.js:79:5816)
    at async reindexAllProducts (/home/mistakely/Desktop/project/dai/buyer/scripts/reindex-embeddings.ts:23:22) {
  code: 'ECONNREFUSED',
  meta: { modelName: 'Product' },
  clientVersion: '7.2.0'
}
